<?xml version="1.0" encoding="UTF-8"?>
<testng-results ignored="0" total="4" passed="4" failed="0" skipped="0">
  <reporter-output>
  </reporter-output>
  <suite started-at="2024-03-12T09:52:48 IST" name="Default suite" finished-at="2024-03-12T09:53:00 IST" duration-ms="11882">
    <groups>
    </groups>
    <test started-at="2024-03-12T09:52:48 IST" name="Default test" finished-at="2024-03-12T09:53:00 IST" duration-ms="11882">
      <class name="Runner_Script.RunnerClass">
        <test-method is-config="true" signature="openappl()[pri:0, instance:Runner_Script.RunnerClass@5b239d7d]" started-at="2024-03-12T09:52:48 IST" name="openappl" finished-at="2024-03-12T09:52:50 IST" duration-ms="2806" status="PASS">
          <reporter-output>
          </reporter-output>
        </test-method> <!-- openappl -->
        <test-method signature="facelogin(java.lang.String,java.lang.String)[pri:0, instance:Runner_Script.RunnerClass@5b239d7d]" started-at="2024-03-12T09:52:50 IST" name="facelogin" data-provider="test1" finished-at="2024-03-12T09:52:51 IST" duration-ms="409" status="PASS">
          <params>
            <param index="0">
              <value>
                <![CDATA[Pavithra]]>
              </value>
            </param>
            <param index="1">
              <value>
                <![CDATA[tanu]]>
              </value>
            </param>
          </params>
          <reporter-output>
          </reporter-output>
        </test-method> <!-- facelogin -->
        <test-method is-config="true" signature="closeappl(org.testng.ITestResult)[pri:0, instance:Runner_Script.RunnerClass@5b239d7d]" started-at="2024-03-12T09:52:51 IST" name="closeappl" finished-at="2024-03-12T09:52:51 IST" duration-ms="231" status="PASS">
          <params>
            <param index="0">
              <value>
                <![CDATA[[TestResult name=facelogin status=SUCCESS method=RunnerClass.facelogin(java.lang.String,java.lang.String)[pri:0, instance:Runner_Script.RunnerClass@5b239d7d] output={null}]]]>
              </value>
            </param>
          </params>
          <reporter-output>
          </reporter-output>
        </test-method> <!-- closeappl -->
        <test-method is-config="true" signature="openappl()[pri:0, instance:Runner_Script.RunnerClass@5b239d7d]" started-at="2024-03-12T09:52:51 IST" name="openappl" finished-at="2024-03-12T09:52:53 IST" duration-ms="2021" status="PASS">
          <reporter-output>
          </reporter-output>
        </test-method> <!-- openappl -->
        <test-method signature="facelogin(java.lang.String,java.lang.String)[pri:0, instance:Runner_Script.RunnerClass@5b239d7d]" started-at="2024-03-12T09:52:53 IST" name="facelogin" data-provider="test1" finished-at="2024-03-12T09:52:54 IST" duration-ms="341" status="PASS">
          <params>
            <param index="0">
              <value>
                <![CDATA[sharath]]>
              </value>
            </param>
            <param index="1">
              <value>
                <![CDATA[tanu]]>
              </value>
            </param>
          </params>
          <reporter-output>
          </reporter-output>
        </test-method> <!-- facelogin -->
        <test-method is-config="true" signature="closeappl(org.testng.ITestResult)[pri:0, instance:Runner_Script.RunnerClass@5b239d7d]" started-at="2024-03-12T09:52:54 IST" name="closeappl" finished-at="2024-03-12T09:52:54 IST" duration-ms="203" status="PASS">
          <params>
            <param index="0">
              <value>
                <![CDATA[[TestResult name=facelogin status=SUCCESS method=RunnerClass.facelogin(java.lang.String,java.lang.String)[pri:0, instance:Runner_Script.RunnerClass@5b239d7d] output={null}]]]>
              </value>
            </param>
          </params>
          <reporter-output>
          </reporter-output>
        </test-method> <!-- closeappl -->
        <test-method is-config="true" signature="openappl()[pri:0, instance:Runner_Script.RunnerClass@5b239d7d]" started-at="2024-03-12T09:52:54 IST" name="openappl" finished-at="2024-03-12T09:52:56 IST" duration-ms="2166" status="PASS">
          <reporter-output>
          </reporter-output>
        </test-method> <!-- openappl -->
        <test-method signature="facelogin1(java.lang.String,java.lang.String)[pri:0, instance:Runner_Script.RunnerClass@5b239d7d]" started-at="2024-03-12T09:52:56 IST" name="facelogin1" data-provider="test1" finished-at="2024-03-12T09:52:56 IST" duration-ms="322" status="PASS">
          <params>
            <param index="0">
              <value>
                <![CDATA[Pavithra]]>
              </value>
            </param>
            <param index="1">
              <value>
                <![CDATA[tanu]]>
              </value>
            </param>
          </params>
          <reporter-output>
          </reporter-output>
        </test-method> <!-- facelogin1 -->
        <test-method is-config="true" signature="closeappl(org.testng.ITestResult)[pri:0, instance:Runner_Script.RunnerClass@5b239d7d]" started-at="2024-03-12T09:52:56 IST" name="closeappl" finished-at="2024-03-12T09:52:57 IST" duration-ms="633" status="PASS">
          <params>
            <param index="0">
              <value>
                <![CDATA[[TestResult name=facelogin1 status=SUCCESS method=RunnerClass.facelogin1(java.lang.String,java.lang.String)[pri:0, instance:Runner_Script.RunnerClass@5b239d7d] output={null}]]]>
              </value>
            </param>
          </params>
          <reporter-output>
          </reporter-output>
        </test-method> <!-- closeappl -->
        <test-method is-config="true" signature="openappl()[pri:0, instance:Runner_Script.RunnerClass@5b239d7d]" started-at="2024-03-12T09:52:57 IST" name="openappl" finished-at="2024-03-12T09:52:59 IST" duration-ms="2144" status="PASS">
          <reporter-output>
          </reporter-output>
        </test-method> <!-- openappl -->
        <test-method signature="facelogin1(java.lang.String,java.lang.String)[pri:0, instance:Runner_Script.RunnerClass@5b239d7d]" started-at="2024-03-12T09:52:59 IST" name="facelogin1" data-provider="test1" finished-at="2024-03-12T09:52:59 IST" duration-ms="341" status="PASS">
          <params>
            <param index="0">
              <value>
                <![CDATA[sharath]]>
              </value>
            </param>
            <param index="1">
              <value>
                <![CDATA[tanu]]>
              </value>
            </param>
          </params>
          <reporter-output>
          </reporter-output>
        </test-method> <!-- facelogin1 -->
        <test-method is-config="true" signature="closeappl(org.testng.ITestResult)[pri:0, instance:Runner_Script.RunnerClass@5b239d7d]" started-at="2024-03-12T09:52:59 IST" name="closeappl" finished-at="2024-03-12T09:53:00 IST" duration-ms="208" status="PASS">
          <params>
            <param index="0">
              <value>
                <![CDATA[[TestResult name=facelogin1 status=SUCCESS method=RunnerClass.facelogin1(java.lang.String,java.lang.String)[pri:0, instance:Runner_Script.RunnerClass@5b239d7d] output={null}]]]>
              </value>
            </param>
          </params>
          <reporter-output>
          </reporter-output>
        </test-method> <!-- closeappl -->
      </class> <!-- Runner_Script.RunnerClass -->
    </test> <!-- Default test -->
  </suite> <!-- Default suite -->
</testng-results>
