<?xml version="1.0" encoding="UTF-8"?>
<!-- Generated by org.testng.reporters.JUnitXMLReporter -->
<testsuite ignored="0" hostname="DESKTOP-RA51APB" failures="0" tests="4" name="Default test" time="11.882" errors="0" timestamp="2024-03-12T09:53:00 IST">
  <testcase classname="Runner_Script.RunnerClass" name="facelogin" time="0.409"/>
  <testcase classname="Runner_Script.RunnerClass" name="facelogin" time="0.341"/>
  <testcase classname="Runner_Script.RunnerClass" name="facelogin1" time="0.322"/>
  <testcase classname="Runner_Script.RunnerClass" name="facelogin1" time="0.341"/>
</testsuite> <!-- Default test -->
